2017-05-20 16:13:27.110 [main] INFO  com.zh.ImageServiceApplication - Starting ImageServiceApplication on LAPTOP-BHI1P9SS with PID 548 (D:\CherryBlossom\xm\image-service\target\classes started by 70214 in D:\CherryBlossom\xm\image-service)
2017-05-20 16:13:27.114 [main] INFO  com.zh.ImageServiceApplication - The following profiles are active: product
2017-05-20 16:13:27.199 [main] INFO  o.s.b.c.e.AnnotationConfigEmbeddedWebApplicationContext - Refreshing org.springframework.boot.context.embedded.AnnotationConfigEmbeddedWebApplicationContext@2bbf180e: startup date [Sat May 20 16:13:27 CST 2017]; root of context hierarchy
2017-05-20 16:13:27.521 [background-preinit] INFO  org.hibernate.validator.internal.util.Version - HV000001: Hibernate Validator 5.3.5.Final
2017-05-20 16:13:28.568 [main] WARN  org.mybatis.spring.mapper.ClassPathMapperScanner - No MyBatis mapper was found in '[com.zh]' package. Please check your configuration.
2017-05-20 16:13:29.484 [main] WARN  o.h.v.m.ParameterMessageInterpolator - HV000184: ParameterMessageInterpolator has been chosen, EL interpolation will not be supported
2017-05-20 16:13:30.381 [main] WARN  o.h.v.m.ParameterMessageInterpolator - HV000184: ParameterMessageInterpolator has been chosen, EL interpolation will not be supported
2017-05-20 16:13:30.729 [main] INFO  org.eclipse.jetty.util.log - Logging initialized @5149ms to org.eclipse.jetty.util.log.Slf4jLog
2017-05-20 16:13:32.010 [main] INFO  o.s.b.c.e.j.JettyEmbeddedServletContainerFactory - Server initialized with port: 20007
2017-05-20 16:13:32.013 [main] INFO  org.eclipse.jetty.server.Server - jetty-9.4.4.v20170414
2017-05-20 16:13:32.182 [main] INFO  org.eclipse.jetty.server.session - DefaultSessionIdManager workerName=node0
2017-05-20 16:13:32.183 [main] INFO  org.eclipse.jetty.server.session - No SessionScavenger set, using defaults
2017-05-20 16:13:32.185 [main] INFO  org.eclipse.jetty.server.session - Scavenging every 660000ms
2017-05-20 16:13:32.195 [main] INFO  o.e.j.server.handler.ContextHandler.application - Initializing Spring embedded WebApplicationContext
2017-05-20 16:13:32.196 [main] INFO  org.springframework.web.context.ContextLoader - Root WebApplicationContext: initialization completed in 4997 ms
2017-05-20 16:13:32.452 [main] INFO  o.s.boot.web.servlet.ServletRegistrationBean - Mapping servlet: 'dispatcherServlet' to [/]
2017-05-20 16:13:32.455 [main] INFO  o.s.boot.web.servlet.FilterRegistrationBean - Mapping filter: 'characterEncodingFilter' to: [/*]
2017-05-20 16:13:32.456 [main] INFO  o.s.boot.web.servlet.FilterRegistrationBean - Mapping filter: 'hiddenHttpMethodFilter' to: [/*]
2017-05-20 16:13:32.456 [main] INFO  o.s.boot.web.servlet.FilterRegistrationBean - Mapping filter: 'httpPutFormContentFilter' to: [/*]
2017-05-20 16:13:32.456 [main] INFO  o.s.boot.web.servlet.FilterRegistrationBean - Mapping filter: 'requestContextFilter' to: [/*]
2017-05-20 16:13:33.678 [main] INFO  org.eclipse.jetty.server.handler.ContextHandler - Started o.s.b.c.e.j.JettyEmbeddedWebAppContext@7180e701{/,[file:///C:/Users/70214/AppData/Local/Temp/jetty-docbase.3360337233808396149.20007/],AVAILABLE}
2017-05-20 16:13:33.679 [main] INFO  org.eclipse.jetty.server.Server - Started @8100ms
2017-05-20 16:13:34.086 [main] INFO  o.s.w.s.m.m.a.RequestMappingHandlerAdapter - Looking for @ControllerAdvice: org.springframework.boot.context.embedded.AnnotationConfigEmbeddedWebApplicationContext@2bbf180e: startup date [Sat May 20 16:13:27 CST 2017]; root of context hierarchy
2017-05-20 16:13:34.218 [main] INFO  o.s.w.s.m.m.a.RequestMappingHandlerMapping - Mapped "{[/hello],methods=[GET]}" onto public java.lang.String com.zh.dubbo.controller.HelloController.hello()
2017-05-20 16:13:34.233 [main] INFO  o.s.w.s.m.m.a.RequestMappingHandlerMapping - Mapped "{[/error]}" onto public org.springframework.http.ResponseEntity<java.util.Map<java.lang.String, java.lang.Object>> org.springframework.boot.autoconfigure.web.BasicErrorController.error(javax.servlet.http.HttpServletRequest)
2017-05-20 16:13:34.234 [main] INFO  o.s.w.s.m.m.a.RequestMappingHandlerMapping - Mapped "{[/error],produces=[text/html]}" onto public org.springframework.web.servlet.ModelAndView org.springframework.boot.autoconfigure.web.BasicErrorController.errorHtml(javax.servlet.http.HttpServletRequest,javax.servlet.http.HttpServletResponse)
2017-05-20 16:13:34.284 [main] INFO  o.s.web.servlet.handler.SimpleUrlHandlerMapping - Mapped URL path [/webjars/**] onto handler of type [class org.springframework.web.servlet.resource.ResourceHttpRequestHandler]
2017-05-20 16:13:34.284 [main] INFO  o.s.web.servlet.handler.SimpleUrlHandlerMapping - Mapped URL path [/**] onto handler of type [class org.springframework.web.servlet.resource.ResourceHttpRequestHandler]
2017-05-20 16:13:34.480 [main] INFO  o.s.web.servlet.handler.SimpleUrlHandlerMapping - Mapped URL path [/**/favicon.ico] onto handler of type [class org.springframework.web.servlet.resource.ResourceHttpRequestHandler]
2017-05-20 16:13:35.957 [main] INFO  o.s.jmx.export.annotation.AnnotationMBeanExporter - Registering beans for JMX exposure on startup
2017-05-20 16:13:35.959 [main] INFO  o.s.jmx.export.annotation.AnnotationMBeanExporter - Bean with name 'dataSource' has been autodetected for JMX exposure
2017-05-20 16:13:35.971 [main] INFO  o.s.jmx.export.annotation.AnnotationMBeanExporter - Located MBean 'dataSource': registering with JMX server as MBean [com.alibaba.druid.pool:name=dataSource,type=DruidDataSource]
2017-05-20 16:13:36.003 [main] INFO  o.e.j.server.handler.ContextHandler.application - Initializing Spring FrameworkServlet 'dispatcherServlet'
2017-05-20 16:13:36.008 [main] INFO  org.springframework.web.servlet.DispatcherServlet - FrameworkServlet 'dispatcherServlet': initialization started
2017-05-20 16:13:36.047 [main] INFO  org.springframework.web.servlet.DispatcherServlet - FrameworkServlet 'dispatcherServlet': initialization completed in 39 ms
2017-05-20 16:13:36.074 [main] INFO  org.eclipse.jetty.server.AbstractConnector - Started ServerConnector@3a01773b{HTTP/1.1,[http/1.1]}{0.0.0.0:20007}
2017-05-20 16:13:36.077 [main] INFO  o.s.b.c.e.jetty.JettyEmbeddedServletContainer - Jetty started on port(s) 20007 (http/1.1)
2017-05-20 16:13:36.083 [main] INFO  com.zh.ImageServiceApplication - Started ImageServiceApplication in 9.448 seconds (JVM running for 10.503)
